<?xml version="1.0" encoding="UTF-8" ?>
<testsuites errors="0"
            failures="1"
            tests="1">

  <testsuite name="08Find DataPack"
    errors="0" failures="1" hostname="" id="" package="08Find DataPack" skipped="0"
    tests="1" time="41.53" timestamp="Mon, 19 Mar 2018 16:44:36 GMT">
  
    <testcase name="FindDataPack" classname="08Find DataPack" time="41.53" assertions="2">

      <failure message="Failed [ok]: (FAILED: 'El text is... &quot;Selenium Test&quot;' - Couldn't find element. (Assert text matches 'Selenium Test' at 'div &gt; div &gt; div:nth-of-type(2) &gt; div &gt; div &gt; div &gt; span &gt; div &gt; div &gt; div &gt; a' using 'CSS'))">    at browser._elementPresent (/Users/Peizer/Documents/EventKitTest/common/snaptest-nw-driver.js:509:22)
    at Object.&lt;anonymous&gt; (/Users/Peizer/Documents/EventKitTest/common/snaptest-nw-driver.js:383:11)</failure>

    
    </testcase>
  

  

  
  </testsuite>
</testsuites>
